<?xml version="1.0" encoding="UTF-8"?>
<testsuites name="Invoices" time="17" tests="3" failures="0" errors="0">
   <testsuite name="Invoices" tests="3" failures="0" errors="0" time="17" timestamp="2019-06-14 10:24:38" hostname="nivedita - 192.168.0.12" id="Test Suites/Lemoney/Invoices">
      <properties>
         <property name="deviceName" value=""/>
         <property name="devicePlatform" value=""/>
         <property name="logFolder" value="/Users/nivedita/git/KatalonFirstUIProject/Reports/Lemoney/Invoices/20190614_102404"/>
         <property name="logFiles" value="/Users/nivedita/git/KatalonFirstUIProject/Reports/Lemoney/Invoices/20190614_102404/execution0.log"/>
         <property name="attachments" value=""/>
         <property name="hostName" value="nivedita - 192.168.0.12"/>
         <property name="os" value="Mac OS X 64bit"/>
         <property name="katalonVersion" value="5.10.1.1"/>
         <property name="browser" value="Chrome 74.0.3729.169"/>
         <property name="hostAddress" value="192.168.0.12"/>
         <property name="sessionId" value="8c8c771e391b1b3e55e55e3a5e43fa36"/>
         <property name="seleniumVersion" value="3.7.1"/>
         <property name="proxyInformation" value="ProxyInformation{proxyOption=NO_PROXY, proxyServerType=HTTP, password=, proxyServerAddress=, proxyServerPort=0}"/>
         <property name="platform" value="Mac OS X"/>
      </properties>
      <testcase name="Test Cases/Lemoney/Setup and TearDown/Setup" classname="Test Cases/Lemoney/Setup and TearDown/Setup" status="PASSED">
         <system-out><![CDATA[2019-06-14 10:24:39 - [TEST_CASE][PASSED] - Test Cases/Lemoney/Setup and TearDown/Setup: Test Cases/Lemoney/Setup and TearDown/Setup

2019-06-14 10:24:39 - [TEST_STEP][PASSED] - Start listener action : sampleBeforeTestCase: null

2019-06-14 10:24:39 - [TEST_STEP][PASSED] - println(testCaseContext.getTestCaseId()): null

2019-06-14 10:24:39 - [TEST_STEP][PASSED] - println(testCaseContext.getTestCaseVariables()): null

2019-06-14 10:24:39 - [TEST_STEP][PASSED] - println(" This is before test"): null

2019-06-14 10:24:39 - [TEST_STEP][PASSED] - Start setup action : setUp: Method 'setUp' complete successfully

2019-06-14 10:24:39 - [TEST_STEP][PASSED] - openBrowser(""): Browser is opened with url: ''

2019-06-14 10:24:40 - [MESSAGE][INFO] - Starting 'Chrome' driver

2019-06-14 10:24:41 - [MESSAGE][INFO] - Action delay is set to 0 seconds

2019-06-14 10:24:45 - [MESSAGE][PASSED] - Browser is opened with url: ''

2019-06-14 10:24:45 - [TEST_STEP][PASSED] - navigateToUrl("https://lmpro.netlify.com/"): Navigate to 'https://lmpro.netlify.com/' successfully

2019-06-14 10:24:54 - [MESSAGE][PASSED] - Navigate to 'https://lmpro.netlify.com/' successfully

2019-06-14 10:24:54 - [TEST_STEP][PASSED] - verifyElementPresent(findTestObject("Lemoney/Setup/Login/img_Lemoney_logo"), 10): Object 'Object Repository/Lemoney/Setup/Login/img_Lemoney_logo' is present

2019-06-14 10:24:54 - [MESSAGE][PASSED] - Object 'Object Repository/Lemoney/Setup/Login/img_Lemoney_logo' is present

2019-06-14 10:24:54 - [TEST_STEP][PASSED] - verifyElementPresent(findTestObject("Lemoney/Setup/Login/Title_Lemoney"), 10): Object 'Object Repository/Lemoney/Setup/Login/Title_Lemoney' is present

2019-06-14 10:24:54 - [MESSAGE][PASSED] - Object 'Object Repository/Lemoney/Setup/Login/Title_Lemoney' is present

2019-06-14 10:24:54 - [TEST_STEP][PASSED] - verifyElementPresent(findTestObject("Lemoney/Setup/Login/Title_Making Banking Useful"), 10): Object 'Object Repository/Lemoney/Setup/Login/Title_Making Banking Useful' is present

2019-06-14 10:24:54 - [MESSAGE][PASSED] - Object 'Object Repository/Lemoney/Setup/Login/Title_Making Banking Useful' is present

2019-06-14 10:24:54 - [TEST_STEP][PASSED] - verifyElementPresent(findTestObject("Lemoney/Setup/Login/div_Enter Username  Password"), 10): Object 'Object Repository/Lemoney/Setup/Login/div_Enter Username  Password' is present

2019-06-14 10:24:54 - [MESSAGE][PASSED] - Object 'Object Repository/Lemoney/Setup/Login/div_Enter Username  Password' is present

2019-06-14 10:24:54 - [TEST_STEP][PASSED] - setText(findTestObject("Lemoney/Setup/Login/input_EnterUserName"), "owner@lemoney.com"): Text 'owner@lemoney.com' is set on object 'Object Repository/Lemoney/Setup/Login/input_EnterUserName'

2019-06-14 10:24:54 - [MESSAGE][PASSED] - Text 'owner@lemoney.com' is set on object 'Object Repository/Lemoney/Setup/Login/input_EnterUserName'

2019-06-14 10:24:54 - [TEST_STEP][PASSED] - setText(findTestObject("Lemoney/Setup/Login/input_EnterPassword"), "123456"): Text '123456' is set on object 'Object Repository/Lemoney/Setup/Login/input_EnterPassword'

2019-06-14 10:24:54 - [MESSAGE][PASSED] - Text '123456' is set on object 'Object Repository/Lemoney/Setup/Login/input_EnterPassword'

2019-06-14 10:24:54 - [TEST_STEP][PASSED] - click(findTestObject("Lemoney/Setup/Login/button_Login")): Object: 'Object Repository/Lemoney/Setup/Login/button_Login' is clicked on

2019-06-14 10:24:55 - [MESSAGE][PASSED] - Object: 'Object Repository/Lemoney/Setup/Login/button_Login' is clicked on

2019-06-14 10:24:55 - [MESSAGE][PASSED] - Method 'setUp' complete successfully

2019-06-14 10:24:55 - [TEST_STEP][PASSED] - waitForElementPresent(findTestObject("Lemoney/Setup/Logout/img_profileImage"), 10): Object 'Object Repository/Lemoney/Setup/Logout/img_profileImage' is present

2019-06-14 10:24:55 - [MESSAGE][PASSED] - Object 'Object Repository/Lemoney/Setup/Logout/img_profileImage' is present

2019-06-14 10:24:55 - [TEST_STEP][PASSED] - Start listener action : sampleAfterTestCase: null

2019-06-14 10:24:55 - [TEST_STEP][PASSED] - println(testCaseContext.getTestCaseId()): null

2019-06-14 10:24:55 - [TEST_STEP][PASSED] - println(testCaseContext.getTestCaseStatus()): null]]></system-out>
         <system-err><![CDATA[]]></system-err>
      </testcase>
      <testcase name="Test Cases/Lemoney/DataBase/DatabaseConnection" classname="Test Cases/Lemoney/DataBase/DatabaseConnection" status="PASSED">
         <system-out><![CDATA[2019-06-14 10:24:55 - [TEST_CASE][PASSED] - Test Cases/Lemoney/DataBase/DatabaseConnection: Test Cases/Lemoney/DataBase/DatabaseConnection

2019-06-14 10:24:55 - [TEST_STEP][PASSED] - Start listener action : sampleBeforeTestCase: null

2019-06-14 10:24:55 - [TEST_STEP][PASSED] - println(testCaseContext.getTestCaseId()): null

2019-06-14 10:24:55 - [TEST_STEP][PASSED] - println(testCaseContext.getTestCaseVariables()): null

2019-06-14 10:24:55 - [TEST_STEP][PASSED] - println(" This is before test"): null

2019-06-14 10:24:55 - [TEST_STEP][PASSED] - url = "apiserver.cw1p29kfimzt.ap-south-1.rds.amazonaws.com": null

2019-06-14 10:24:55 - [TEST_STEP][PASSED] - dbname = "apiserver": null

2019-06-14 10:24:55 - [TEST_STEP][PASSED] - port = "5432": null

2019-06-14 10:24:55 - [TEST_STEP][PASSED] - userName = "apiserver": null

2019-06-14 10:24:55 - [TEST_STEP][PASSED] - passWord = "api-server-db-pwd": null

2019-06-14 10:24:55 - [TEST_STEP][PASSED] - com.database.DemoSQLPro.connectDB(url, dbname, port, userName, passWord): com.database.DemoSQLPro.connectDB is PASSED

2019-06-14 10:24:56 - [MESSAGE][PASSED] - com.database.DemoSQLPro.connectDB is PASSED

2019-06-14 10:24:56 - [TEST_STEP][PASSED] - Start listener action : sampleAfterTestCase: null

2019-06-14 10:24:56 - [TEST_STEP][PASSED] - println(testCaseContext.getTestCaseId()): null

2019-06-14 10:24:56 - [TEST_STEP][PASSED] - println(testCaseContext.getTestCaseStatus()): null]]></system-out>
         <system-err><![CDATA[]]></system-err>
      </testcase>
      <testcase name="Test Cases/Lemoney/DataBase/Table_invoiceListing" classname="Test Cases/Lemoney/DataBase/Table_invoiceListing" status="PASSED">
         <system-out><![CDATA[2019-06-14 10:24:56 - [TEST_CASE][PASSED] - Test Cases/Lemoney/DataBase/Table_invoiceListing: null

2019-06-14 10:24:56 - [TEST_STEP][PASSED] - Start listener action : sampleAfterTestCase: null

2019-06-14 10:24:56 - [TEST_STEP][PASSED] - println(testCaseContext.getTestCaseId()): null

2019-06-14 10:24:56 - [TEST_STEP][PASSED] - println(testCaseContext.getTestCaseStatus()): null]]></system-out>
         <system-err><![CDATA[]]></system-err>
      </testcase>
      <system-out><![CDATA[2019-06-14 10:24:38 - [TEST_SUITE][INCOMPLETE] - Invoices: null]]></system-out>
      <system-err><![CDATA[2019-06-14 10:24:38 - [TEST_SUITE][INCOMPLETE] - Invoices: null]]></system-err>
   </testsuite>
</testsuites>
